<?xml version="1.0" encoding="UTF-8"?>
<testng-results skipped="0" failed="1" ignored="9" total="10" passed="0">
  <reporter-output>
  </reporter-output>
  <suite name="Suite" duration-ms="61180" started-at="2023-02-10T13:49:58 IST" finished-at="2023-02-10T13:50:59 IST">
    <groups>
    </groups>
    <test name="Test" duration-ms="61180" started-at="2023-02-10T13:49:58 IST" finished-at="2023-02-10T13:50:59 IST">
      <class name="org.test.RecruitCRM">
        <test-method status="PASS" signature="beforeClass()[pri:0, instance:org.test.RecruitCRM@1e7c7811]" name="beforeClass" is-config="true" duration-ms="331" started-at="2023-02-10T13:49:58 IST" finished-at="2023-02-10T13:49:58 IST">
          <reporter-output>
          </reporter-output>
        </test-method> <!-- beforeClass -->
        <test-method status="PASS" signature="beforeTest(java.lang.String,java.lang.String)[pri:0, instance:org.test.RecruitCRM@1e7c7811]" name="beforeTest" is-config="true" duration-ms="21154" started-at="2023-02-10T13:49:58 IST" finished-at="2023-02-10T13:50:19 IST">
          <params>
            <param index="0">
              <value>
                <![CDATA[ponnagarajchitrambalam@gmail.com]]>
              </value>
            </param>
            <param index="1">
              <value>
                <![CDATA[Naren0150]]>
              </value>
            </param>
          </params>
          <reporter-output>
          </reporter-output>
        </test-method> <!-- beforeTest -->
        <test-method status="FAIL" signature="testCase01(java.lang.String,java.lang.String)[pri:1, instance:org.test.RecruitCRM@1e7c7811]" name="testCase01" duration-ms="37279" started-at="2023-02-10T13:50:19 IST" finished-at="2023-02-10T13:50:56 IST">
          <params>
            <param index="0">
              <value>
                <![CDATA[1234567890]]>
              </value>
            </param>
            <param index="1">
              <value>
                <![CDATA[Madurai]]>
              </value>
            </param>
          </params>
          <exception class="org.openqa.selenium.ScriptTimeoutException">
            <message>
              <![CDATA[script timeout
  (Session info: chrome=109.0.5414.120)
Build info: version: '3.141.59', revision: 'e82be7d358', time: '2018-11-14T08:17:03'
System info: host: 'MOHANRAJ', ip: '192.168.136.183', os.name: 'Windows 8.1', os.arch: 'amd64', os.version: '6.3', java.version: '1.8.0_333'
Driver info: org.openqa.selenium.chrome.ChromeDriver
Capabilities {acceptInsecureCerts: false, browserName: chrome, browserVersion: 109.0.5414.120, chrome: {chromedriverVersion: 109.0.5414.74 (e7c5703604da..., userDataDir: C:\Users\MOHANR~1\AppData\L...}, goog:chromeOptions: {debuggerAddress: localhost:56985}, javascriptEnabled: true, networkConnectionEnabled: false, pageLoadStrategy: normal, platform: WINDOWS, platformName: WINDOWS, proxy: Proxy(), setWindowRect: true, strictFileInteractability: false, timeouts: {implicit: 0, pageLoad: 300000, script: 30000}, unhandledPromptBehavior: dismiss and notify, webauthn:extension:credBlob: true, webauthn:extension:largeBlob: true, webauthn:virtualAuthenticators: true}
Session ID: e13c4a475567682138ca680043fe16b5]]>
            </message>
            <full-stacktrace>
              <![CDATA[org.openqa.selenium.ScriptTimeoutException: script timeout
  (Session info: chrome=109.0.5414.120)
Build info: version: '3.141.59', revision: 'e82be7d358', time: '2018-11-14T08:17:03'
System info: host: 'MOHANRAJ', ip: '192.168.136.183', os.name: 'Windows 8.1', os.arch: 'amd64', os.version: '6.3', java.version: '1.8.0_333'
Driver info: org.openqa.selenium.chrome.ChromeDriver
Capabilities {acceptInsecureCerts: false, browserName: chrome, browserVersion: 109.0.5414.120, chrome: {chromedriverVersion: 109.0.5414.74 (e7c5703604da..., userDataDir: C:\Users\MOHANR~1\AppData\L...}, goog:chromeOptions: {debuggerAddress: localhost:56985}, javascriptEnabled: true, networkConnectionEnabled: false, pageLoadStrategy: normal, platform: WINDOWS, platformName: WINDOWS, proxy: Proxy(), setWindowRect: true, strictFileInteractability: false, timeouts: {implicit: 0, pageLoad: 300000, script: 30000}, unhandledPromptBehavior: dismiss and notify, webauthn:extension:credBlob: true, webauthn:extension:largeBlob: true, webauthn:virtualAuthenticators: true}
Session ID: e13c4a475567682138ca680043fe16b5
at sun.reflect.NativeConstructorAccessorImpl.newInstance0(Native Method)
at sun.reflect.NativeConstructorAccessorImpl.newInstance(Unknown Source)
at sun.reflect.DelegatingConstructorAccessorImpl.newInstance(Unknown Source)
at java.lang.reflect.Constructor.newInstance(Unknown Source)
at org.openqa.selenium.remote.http.W3CHttpResponseCodec.createException(W3CHttpResponseCodec.java:187)
at org.openqa.selenium.remote.http.W3CHttpResponseCodec.decode(W3CHttpResponseCodec.java:122)
at org.openqa.selenium.remote.http.W3CHttpResponseCodec.decode(W3CHttpResponseCodec.java:49)
at org.openqa.selenium.remote.HttpCommandExecutor.execute(HttpCommandExecutor.java:158)
at org.openqa.selenium.remote.service.DriverCommandExecutor.execute(DriverCommandExecutor.java:83)
at org.openqa.selenium.remote.RemoteWebDriver.execute(RemoteWebDriver.java:552)
at org.openqa.selenium.remote.RemoteWebDriver.executeAsyncScript(RemoteWebDriver.java:506)
at org.base.BaseClass.javascriptClick(BaseClass.java:118)
at org.test.RecruitCRM.testCase01(RecruitCRM.java:90)
at sun.reflect.NativeMethodAccessorImpl.invoke0(Native Method)
at sun.reflect.NativeMethodAccessorImpl.invoke(Unknown Source)
at sun.reflect.DelegatingMethodAccessorImpl.invoke(Unknown Source)
at java.lang.reflect.Method.invoke(Unknown Source)
at org.testng.internal.MethodInvocationHelper.invokeMethod(MethodInvocationHelper.java:133)
at org.testng.internal.TestInvoker.invokeMethod(TestInvoker.java:598)
at org.testng.internal.TestInvoker.invokeTestMethod(TestInvoker.java:173)
at org.testng.internal.MethodRunner.runInSequence(MethodRunner.java:46)
at org.testng.internal.TestInvoker$MethodInvocationAgent.invoke(TestInvoker.java:824)
at org.testng.internal.TestInvoker.invokeTestMethods(TestInvoker.java:146)
at org.testng.internal.TestMethodWorker.invokeTestMethods(TestMethodWorker.java:146)
at org.testng.internal.TestMethodWorker.run(TestMethodWorker.java:128)
at java.util.ArrayList.forEach(Unknown Source)
at org.testng.TestRunner.privateRun(TestRunner.java:794)
at org.testng.TestRunner.run(TestRunner.java:596)
at org.testng.SuiteRunner.runTest(SuiteRunner.java:377)
at org.testng.SuiteRunner.runSequentially(SuiteRunner.java:371)
at org.testng.SuiteRunner.privateRun(SuiteRunner.java:332)
at org.testng.SuiteRunner.run(SuiteRunner.java:276)
at org.testng.SuiteRunnerWorker.runSuite(SuiteRunnerWorker.java:53)
at org.testng.SuiteRunnerWorker.run(SuiteRunnerWorker.java:96)
at org.testng.TestNG.runSuitesSequentially(TestNG.java:1212)
at org.testng.TestNG.runSuitesLocally(TestNG.java:1134)
at org.testng.TestNG.runSuites(TestNG.java:1063)
at org.testng.TestNG.run(TestNG.java:1031)
at org.testng.remote.AbstractRemoteTestNG.run(AbstractRemoteTestNG.java:115)
at org.testng.remote.RemoteTestNG.initAndRun(RemoteTestNG.java:251)
at org.testng.remote.RemoteTestNG.main(RemoteTestNG.java:77)
]]>
            </full-stacktrace>
          </exception> <!-- org.openqa.selenium.ScriptTimeoutException -->
          <reporter-output>
          </reporter-output>
        </test-method> <!-- testCase01 -->
        <test-method status="PASS" signature="afterMethod(org.testng.ITestResult,java.lang.reflect.Method)[pri:0, instance:org.test.RecruitCRM@1e7c7811]" name="afterMethod" is-config="true" duration-ms="2248" started-at="2023-02-10T13:50:56 IST" finished-at="2023-02-10T13:50:59 IST">
          <params>
            <param index="0">
              <value>
                <![CDATA[[TestResult name=testCase01 status=FAILURE method=RecruitCRM.testCase01(java.lang.String,java.lang.String)[pri:1, instance:org.test.RecruitCRM@1e7c7811] output={null}]]]>
              </value>
            </param>
            <param index="1">
              <value>
                <![CDATA[private void org.test.RecruitCRM.testCase01(java.lang.String,java.lang.String)]]>
              </value>
            </param>
          </params>
          <reporter-output>
          </reporter-output>
        </test-method> <!-- afterMethod -->
        <test-method status="PASS" signature="afterTest()[pri:0, instance:org.test.RecruitCRM@1e7c7811]" name="afterTest" is-config="true" duration-ms="0" started-at="2023-02-10T13:50:59 IST" finished-at="2023-02-10T13:50:59 IST">
          <reporter-output>
          </reporter-output>
        </test-method> <!-- afterTest -->
      </class> <!-- org.test.RecruitCRM -->
    </test> <!-- Test -->
  </suite> <!-- Suite -->
</testng-results>
