<?xml version="1.0" encoding="UTF-8"?>
<!-- Generated by org.testng.reporters.JUnitXMLReporter -->
<testsuite hostname="Mohanraj" ignored="9" name="Test" tests="1" failures="1" timestamp="2023-02-10T13:50:59 IST" time="61.18" errors="0">
  <testcase name="testCase01" time="37.279" classname="org.test.RecruitCRM">
    <failure type="org.openqa.selenium.ScriptTimeoutException" message="script timeout
  (Session info: chrome=109.0.5414.120)
Build info: version: &amp;apos;3.141.59&amp;apos;, revision: &amp;apos;e82be7d358&amp;apos;, time: &amp;apos;2018-11-14T08:17:03&amp;apos;
System info: host: &amp;apos;MOHANRAJ&amp;apos;, ip: &amp;apos;192.168.136.183&amp;apos;, os.name: &amp;apos;Windows 8.1&amp;apos;, os.arch: &amp;apos;amd64&amp;apos;, os.version: &amp;apos;6.3&amp;apos;, java.version: &amp;apos;1.8.0_333&amp;apos;
Driver info: org.openqa.selenium.chrome.ChromeDriver
Capabilities {acceptInsecureCerts: false, browserName: chrome, browserVersion: 109.0.5414.120, chrome: {chromedriverVersion: 109.0.5414.74 (e7c5703604da..., userDataDir: C:\Users\MOHANR~1\AppData\L...}, goog:chromeOptions: {debuggerAddress: localhost:56985}, javascriptEnabled: true, networkConnectionEnabled: false, pageLoadStrategy: normal, platform: WINDOWS, platformName: WINDOWS, proxy: Proxy(), setWindowRect: true, strictFileInteractability: false, timeouts: {implicit: 0, pageLoad: 300000, script: 30000}, unhandledPromptBehavior: dismiss and notify, webauthn:extension:credBlob: true, webauthn:extension:largeBlob: true, webauthn:virtualAuthenticators: true}
Session ID: e13c4a475567682138ca680043fe16b5">
      <![CDATA[org.openqa.selenium.ScriptTimeoutException: script timeout
  (Session info: chrome=109.0.5414.120)
Build info: version: '3.141.59', revision: 'e82be7d358', time: '2018-11-14T08:17:03'
System info: host: 'MOHANRAJ', ip: '192.168.136.183', os.name: 'Windows 8.1', os.arch: 'amd64', os.version: '6.3', java.version: '1.8.0_333'
Driver info: org.openqa.selenium.chrome.ChromeDriver
Capabilities {acceptInsecureCerts: false, browserName: chrome, browserVersion: 109.0.5414.120, chrome: {chromedriverVersion: 109.0.5414.74 (e7c5703604da..., userDataDir: C:\Users\MOHANR~1\AppData\L...}, goog:chromeOptions: {debuggerAddress: localhost:56985}, javascriptEnabled: true, networkConnectionEnabled: false, pageLoadStrategy: normal, platform: WINDOWS, platformName: WINDOWS, proxy: Proxy(), setWindowRect: true, strictFileInteractability: false, timeouts: {implicit: 0, pageLoad: 300000, script: 30000}, unhandledPromptBehavior: dismiss and notify, webauthn:extension:credBlob: true, webauthn:extension:largeBlob: true, webauthn:virtualAuthenticators: true}
Session ID: e13c4a475567682138ca680043fe16b5
at org.openqa.selenium.remote.http.W3CHttpResponseCodec.createException(W3CHttpResponseCodec.java:187)
at org.openqa.selenium.remote.http.W3CHttpResponseCodec.decode(W3CHttpResponseCodec.java:122)
at org.openqa.selenium.remote.http.W3CHttpResponseCodec.decode(W3CHttpResponseCodec.java:49)
at org.openqa.selenium.remote.HttpCommandExecutor.execute(HttpCommandExecutor.java:158)
at org.openqa.selenium.remote.service.DriverCommandExecutor.execute(DriverCommandExecutor.java:83)
at org.openqa.selenium.remote.RemoteWebDriver.execute(RemoteWebDriver.java:552)
at org.openqa.selenium.remote.RemoteWebDriver.executeAsyncScript(RemoteWebDriver.java:506)
at org.base.BaseClass.javascriptClick(BaseClass.java:118)
at org.test.RecruitCRM.testCase01(RecruitCRM.java:90)
at java.util.ArrayList.forEach(Unknown Source)
... Removed 31 stack frames]]>
    </failure>
  </testcase> <!-- testCase01 -->
  <testcase name="testCase09" time="0.0" classname="org.test.RecruitCRM">
    <ignored/>
  </testcase> <!-- testCase09 -->
  <testcase name="testCase06" time="0.0" classname="org.test.RecruitCRM">
    <ignored/>
  </testcase> <!-- testCase06 -->
  <testcase name="testCase07" time="0.0" classname="org.test.RecruitCRM">
    <ignored/>
  </testcase> <!-- testCase07 -->
  <testcase name="testCase10" time="0.0" classname="org.test.RecruitCRM">
    <ignored/>
  </testcase> <!-- testCase10 -->
  <testcase name="testCase04" time="0.0" classname="org.test.RecruitCRM">
    <ignored/>
  </testcase> <!-- testCase04 -->
  <testcase name="testCase05" time="0.0" classname="org.test.RecruitCRM">
    <ignored/>
  </testcase> <!-- testCase05 -->
  <testcase name="testCase02" time="0.0" classname="org.test.RecruitCRM">
    <ignored/>
  </testcase> <!-- testCase02 -->
  <testcase name="testCase03" time="0.0" classname="org.test.RecruitCRM">
    <ignored/>
  </testcase> <!-- testCase03 -->
  <testcase name="testCase08" time="0.0" classname="org.test.RecruitCRM">
    <ignored/>
  </testcase> <!-- testCase08 -->
</testsuite> <!-- Test -->
